The system is: Darwin - 19.2.0 - x86_64
Compiling the C compiler identification source file "CMakeCCompilerId.c" succeeded.
Compiler: /Library/Developer/CommandLineTools/usr/bin/cc 
Build flags: 
Id flags:  

The output was:
0


Compilation of the C compiler identification source "CMakeCCompilerId.c" produced "a.out"

The C compiler identification is AppleClang, found in "/Users/hcs/Documents/version-control/leveldb/cmake-build-debug/CMakeFiles/3.13.1/CompilerIdC/a.out"

Compiling the CXX compiler identification source file "CMakeCXXCompilerId.cpp" succeeded.
Compiler: /Library/Developer/CommandLineTools/usr/bin/c++ 
Build flags: 
Id flags:  

The output was:
0


Compilation of the CXX compiler identification source "CMakeCXXCompilerId.cpp" produced "a.out"

The CXX compiler identification is AppleClang, found in "/Users/hcs/Documents/version-control/leveldb/cmake-build-debug/CMakeFiles/3.13.1/CompilerIdCXX/a.out"

Determining if the C compiler works passed with the following output:
Change Dir: /Users/hcs/Documents/version-control/leveldb/cmake-build-debug/CMakeFiles/CMakeTmp

Run Build Command:"/usr/local/bin/gmake" "cmTC_25f7c/fast"
/usr/local/bin/gmake -f CMakeFiles/cmTC_25f7c.dir/build.make CMakeFiles/cmTC_25f7c.dir/build
gmake[1]: Entering directory '/Users/hcs/Documents/version-control/leveldb/cmake-build-debug/CMakeFiles/CMakeTmp'
Building C object CMakeFiles/cmTC_25f7c.dir/testCCompiler.c.o
/Library/Developer/CommandLineTools/usr/bin/cc   -isysroot /Library/Developer/CommandLineTools/SDKs/MacOSX10.15.sdk   -o CMakeFiles/cmTC_25f7c.dir/testCCompiler.c.o   -c /Users/hcs/Documents/version-control/leveldb/cmake-build-debug/CMakeFiles/CMakeTmp/testCCompiler.c
Linking C executable cmTC_25f7c
/Applications/CLion.app/Contents/bin/cmake/mac/bin/cmake -E cmake_link_script CMakeFiles/cmTC_25f7c.dir/link.txt --verbose=1
/Library/Developer/CommandLineTools/usr/bin/cc   -isysroot /Library/Developer/CommandLineTools/SDKs/MacOSX10.15.sdk -Wl,-search_paths_first -Wl,-headerpad_max_install_names   CMakeFiles/cmTC_25f7c.dir/testCCompiler.c.o  -o cmTC_25f7c 
gmake[1]: Leaving directory '/Users/hcs/Documents/version-control/leveldb/cmake-build-debug/CMakeFiles/CMakeTmp'


Detecting C compiler ABI info compiled with the following output:
Change Dir: /Users/hcs/Documents/version-control/leveldb/cmake-build-debug/CMakeFiles/CMakeTmp

Run Build Command:"/usr/local/bin/gmake" "cmTC_cee56/fast"
/usr/local/bin/gmake -f CMakeFiles/cmTC_cee56.dir/build.make CMakeFiles/cmTC_cee56.dir/build
gmake[1]: Entering directory '/Users/hcs/Documents/version-control/leveldb/cmake-build-debug/CMakeFiles/CMakeTmp'
Building C object CMakeFiles/cmTC_cee56.dir/CMakeCCompilerABI.c.o
/Library/Developer/CommandLineTools/usr/bin/cc   -isysroot /Library/Developer/CommandLineTools/SDKs/MacOSX10.15.sdk   -o CMakeFiles/cmTC_cee56.dir/CMakeCCompilerABI.c.o   -c /Applications/CLion.app/Contents/bin/cmake/mac/share/cmake-3.13/Modules/CMakeCCompilerABI.c
Linking C executable cmTC_cee56
/Applications/CLion.app/Contents/bin/cmake/mac/bin/cmake -E cmake_link_script CMakeFiles/cmTC_cee56.dir/link.txt --verbose=1
/Library/Developer/CommandLineTools/usr/bin/cc   -isysroot /Library/Developer/CommandLineTools/SDKs/MacOSX10.15.sdk -Wl,-search_paths_first -Wl,-headerpad_max_install_names  -v -Wl,-v CMakeFiles/cmTC_cee56.dir/CMakeCCompilerABI.c.o  -o cmTC_cee56 
Apple clang version 11.0.0 (clang-1100.0.33.16)
Target: x86_64-apple-darwin19.2.0
Thread model: posix
InstalledDir: /Library/Developer/CommandLineTools/usr/bin
 "/Library/Developer/CommandLineTools/usr/bin/ld" -demangle -lto_library /Library/Developer/CommandLineTools/usr/lib/libLTO.dylib -dynamic -arch x86_64 -macosx_version_min 10.15.0 -syslibroot /Library/Developer/CommandLineTools/SDKs/MacOSX10.15.sdk -o cmTC_cee56 -search_paths_first -headerpad_max_install_names -v CMakeFiles/cmTC_cee56.dir/CMakeCCompilerABI.c.o -lSystem /Library/Developer/CommandLineTools/usr/lib/clang/11.0.0/lib/darwin/libclang_rt.osx.a
@(#)PROGRAM:ld  PROJECT:ld64-530
BUILD 03:01:58 Nov 15 2019
configured to support archs: armv6 armv7 armv7s arm64 arm64e arm64_32 i386 x86_64 x86_64h armv6m armv7k armv7m armv7em
Library search paths:
	/Library/Developer/CommandLineTools/SDKs/MacOSX10.15.sdk/usr/lib
Framework search paths:
	/Library/Developer/CommandLineTools/SDKs/MacOSX10.15.sdk/System/Library/Frameworks/
gmake[1]: Leaving directory '/Users/hcs/Documents/version-control/leveldb/cmake-build-debug/CMakeFiles/CMakeTmp'


Parsed C implicit link information from above output:
  link line regex: [^( *|.*[/\])(ld|CMAKE_LINK_STARTFILE-NOTFOUND|([^/\]+-)?ld|collect2)[^/\]*( |$)]
  ignore line: [Change Dir: /Users/hcs/Documents/version-control/leveldb/cmake-build-debug/CMakeFiles/CMakeTmp]
  ignore line: []
  ignore line: [Run Build Command:"/usr/local/bin/gmake" "cmTC_cee56/fast"]
  ignore line: [/usr/local/bin/gmake -f CMakeFiles/cmTC_cee56.dir/build.make CMakeFiles/cmTC_cee56.dir/build]
  ignore line: [gmake[1]: Entering directory '/Users/hcs/Documents/version-control/leveldb/cmake-build-debug/CMakeFiles/CMakeTmp']
  ignore line: [Building C object CMakeFiles/cmTC_cee56.dir/CMakeCCompilerABI.c.o]
  ignore line: [/Library/Developer/CommandLineTools/usr/bin/cc   -isysroot /Library/Developer/CommandLineTools/SDKs/MacOSX10.15.sdk   -o CMakeFiles/cmTC_cee56.dir/CMakeCCompilerABI.c.o   -c /Applications/CLion.app/Contents/bin/cmake/mac/share/cmake-3.13/Modules/CMakeCCompilerABI.c]
  ignore line: [Linking C executable cmTC_cee56]
  ignore line: [/Applications/CLion.app/Contents/bin/cmake/mac/bin/cmake -E cmake_link_script CMakeFiles/cmTC_cee56.dir/link.txt --verbose=1]
  ignore line: [/Library/Developer/CommandLineTools/usr/bin/cc   -isysroot /Library/Developer/CommandLineTools/SDKs/MacOSX10.15.sdk -Wl,-search_paths_first -Wl,-headerpad_max_install_names  -v -Wl,-v CMakeFiles/cmTC_cee56.dir/CMakeCCompilerABI.c.o  -o cmTC_cee56 ]
  ignore line: [Apple clang version 11.0.0 (clang-1100.0.33.16)]
  ignore line: [Target: x86_64-apple-darwin19.2.0]
  ignore line: [Thread model: posix]
  ignore line: [InstalledDir: /Library/Developer/CommandLineTools/usr/bin]
  link line: [ "/Library/Developer/CommandLineTools/usr/bin/ld" -demangle -lto_library /Library/Developer/CommandLineTools/usr/lib/libLTO.dylib -dynamic -arch x86_64 -macosx_version_min 10.15.0 -syslibroot /Library/Developer/CommandLineTools/SDKs/MacOSX10.15.sdk -o cmTC_cee56 -search_paths_first -headerpad_max_install_names -v CMakeFiles/cmTC_cee56.dir/CMakeCCompilerABI.c.o -lSystem /Library/Developer/CommandLineTools/usr/lib/clang/11.0.0/lib/darwin/libclang_rt.osx.a]
    arg [/Library/Developer/CommandLineTools/usr/bin/ld] ==> ignore
    arg [-demangle] ==> ignore
    arg [-lto_library] ==> ignore, skip following value
    arg [/Library/Developer/CommandLineTools/usr/lib/libLTO.dylib] ==> skip value of -lto_library
    arg [-dynamic] ==> ignore
    arg [-arch] ==> ignore
    arg [x86_64] ==> ignore
    arg [-macosx_version_min] ==> ignore
    arg [10.15.0] ==> ignore
    arg [-syslibroot] ==> ignore
    arg [/Library/Developer/CommandLineTools/SDKs/MacOSX10.15.sdk] ==> ignore
    arg [-o] ==> ignore
    arg [cmTC_cee56] ==> ignore
    arg [-search_paths_first] ==> ignore
    arg [-headerpad_max_install_names] ==> ignore
    arg [-v] ==> ignore
    arg [CMakeFiles/cmTC_cee56.dir/CMakeCCompilerABI.c.o] ==> ignore
    arg [-lSystem] ==> lib [System]
    arg [/Library/Developer/CommandLineTools/usr/lib/clang/11.0.0/lib/darwin/libclang_rt.osx.a] ==> lib [/Library/Developer/CommandLineTools/usr/lib/clang/11.0.0/lib/darwin/libclang_rt.osx.a]
  Library search paths: [;/Library/Developer/CommandLineTools/SDKs/MacOSX10.15.sdk/usr/lib]
  Framework search paths: [;/Library/Developer/CommandLineTools/SDKs/MacOSX10.15.sdk/System/Library/Frameworks/]
  remove lib [System]
  remove lib [/Library/Developer/CommandLineTools/usr/lib/clang/11.0.0/lib/darwin/libclang_rt.osx.a]
  collapse library dir [/Library/Developer/CommandLineTools/SDKs/MacOSX10.15.sdk/usr/lib] ==> [/Library/Developer/CommandLineTools/SDKs/MacOSX10.15.sdk/usr/lib]
  collapse framework dir [/Library/Developer/CommandLineTools/SDKs/MacOSX10.15.sdk/System/Library/Frameworks/] ==> [/Library/Developer/CommandLineTools/SDKs/MacOSX10.15.sdk/System/Library/Frameworks]
  implicit libs: []
  implicit dirs: [/Library/Developer/CommandLineTools/SDKs/MacOSX10.15.sdk/usr/lib]
  implicit fwks: [/Library/Developer/CommandLineTools/SDKs/MacOSX10.15.sdk/System/Library/Frameworks]




Detecting C [-std=c11] compiler features compiled with the following output:
Change Dir: /Users/hcs/Documents/version-control/leveldb/cmake-build-debug/CMakeFiles/CMakeTmp

Run Build Command:"/usr/local/bin/gmake" "cmTC_e7f5e/fast"
/usr/local/bin/gmake -f CMakeFiles/cmTC_e7f5e.dir/build.make CMakeFiles/cmTC_e7f5e.dir/build
gmake[1]: Entering directory '/Users/hcs/Documents/version-control/leveldb/cmake-build-debug/CMakeFiles/CMakeTmp'
Building C object CMakeFiles/cmTC_e7f5e.dir/feature_tests.c.o
/Library/Developer/CommandLineTools/usr/bin/cc   -isysroot /Library/Developer/CommandLineTools/SDKs/MacOSX10.15.sdk   -std=c11 -o CMakeFiles/cmTC_e7f5e.dir/feature_tests.c.o   -c /Users/hcs/Documents/version-control/leveldb/cmake-build-debug/CMakeFiles/feature_tests.c
Linking C executable cmTC_e7f5e
/Applications/CLion.app/Contents/bin/cmake/mac/bin/cmake -E cmake_link_script CMakeFiles/cmTC_e7f5e.dir/link.txt --verbose=1
/Library/Developer/CommandLineTools/usr/bin/cc   -isysroot /Library/Developer/CommandLineTools/SDKs/MacOSX10.15.sdk -Wl,-search_paths_first -Wl,-headerpad_max_install_names   CMakeFiles/cmTC_e7f5e.dir/feature_tests.c.o  -o cmTC_e7f5e 
gmake[1]: Leaving directory '/Users/hcs/Documents/version-control/leveldb/cmake-build-debug/CMakeFiles/CMakeTmp'


    Feature record: C_FEATURE:1c_function_prototypes
    Feature record: C_FEATURE:1c_restrict
    Feature record: C_FEATURE:1c_static_assert
    Feature record: C_FEATURE:1c_variadic_macros


Detecting C [-std=c99] compiler features compiled with the following output:
Change Dir: /Users/hcs/Documents/version-control/leveldb/cmake-build-debug/CMakeFiles/CMakeTmp

Run Build Command:"/usr/local/bin/gmake" "cmTC_25712/fast"
/usr/local/bin/gmake -f CMakeFiles/cmTC_25712.dir/build.make CMakeFiles/cmTC_25712.dir/build
gmake[1]: Entering directory '/Users/hcs/Documents/version-control/leveldb/cmake-build-debug/CMakeFiles/CMakeTmp'
Building C object CMakeFiles/cmTC_25712.dir/feature_tests.c.o
/Library/Developer/CommandLineTools/usr/bin/cc   -isysroot /Library/Developer/CommandLineTools/SDKs/MacOSX10.15.sdk   -std=c99 -o CMakeFiles/cmTC_25712.dir/feature_tests.c.o   -c /Users/hcs/Documents/version-control/leveldb/cmake-build-debug/CMakeFiles/feature_tests.c
Linking C executable cmTC_25712
/Applications/CLion.app/Contents/bin/cmake/mac/bin/cmake -E cmake_link_script CMakeFiles/cmTC_25712.dir/link.txt --verbose=1
/Library/Developer/CommandLineTools/usr/bin/cc   -isysroot /Library/Developer/CommandLineTools/SDKs/MacOSX10.15.sdk -Wl,-search_paths_first -Wl,-headerpad_max_install_names   CMakeFiles/cmTC_25712.dir/feature_tests.c.o  -o cmTC_25712 
gmake[1]: Leaving directory '/Users/hcs/Documents/version-control/leveldb/cmake-build-debug/CMakeFiles/CMakeTmp'


    Feature record: C_FEATURE:1c_function_prototypes
    Feature record: C_FEATURE:1c_restrict
    Feature record: C_FEATURE:0c_static_assert
    Feature record: C_FEATURE:1c_variadic_macros


Detecting C [-std=c90] compiler features compiled with the following output:
Change Dir: /Users/hcs/Documents/version-control/leveldb/cmake-build-debug/CMakeFiles/CMakeTmp

Run Build Command:"/usr/local/bin/gmake" "cmTC_9d17a/fast"
/usr/local/bin/gmake -f CMakeFiles/cmTC_9d17a.dir/build.make CMakeFiles/cmTC_9d17a.dir/build
gmake[1]: Entering directory '/Users/hcs/Documents/version-control/leveldb/cmake-build-debug/CMakeFiles/CMakeTmp'
Building C object CMakeFiles/cmTC_9d17a.dir/feature_tests.c.o
/Library/Developer/CommandLineTools/usr/bin/cc   -isysroot /Library/Developer/CommandLineTools/SDKs/MacOSX10.15.sdk   -std=c90 -o CMakeFiles/cmTC_9d17a.dir/feature_tests.c.o   -c /Users/hcs/Documents/version-control/leveldb/cmake-build-debug/CMakeFiles/feature_tests.c
Linking C executable cmTC_9d17a
/Applications/CLion.app/Contents/bin/cmake/mac/bin/cmake -E cmake_link_script CMakeFiles/cmTC_9d17a.dir/link.txt --verbose=1
/Library/Developer/CommandLineTools/usr/bin/cc   -isysroot /Library/Developer/CommandLineTools/SDKs/MacOSX10.15.sdk -Wl,-search_paths_first -Wl,-headerpad_max_install_names   CMakeFiles/cmTC_9d17a.dir/feature_tests.c.o  -o cmTC_9d17a 
gmake[1]: Leaving directory '/Users/hcs/Documents/version-control/leveldb/cmake-build-debug/CMakeFiles/CMakeTmp'


    Feature record: C_FEATURE:1c_function_prototypes
    Feature record: C_FEATURE:0c_restrict
    Feature record: C_FEATURE:0c_static_assert
    Feature record: C_FEATURE:0c_variadic_macros
Determining if the CXX compiler works passed with the following output:
Change Dir: /Users/hcs/Documents/version-control/leveldb/cmake-build-debug/CMakeFiles/CMakeTmp

Run Build Command:"/usr/local/bin/gmake" "cmTC_c4222/fast"
/usr/local/bin/gmake -f CMakeFiles/cmTC_c4222.dir/build.make CMakeFiles/cmTC_c4222.dir/build
gmake[1]: Entering directory '/Users/hcs/Documents/version-control/leveldb/cmake-build-debug/CMakeFiles/CMakeTmp'
Building CXX object CMakeFiles/cmTC_c4222.dir/testCXXCompiler.cxx.o
/Library/Developer/CommandLineTools/usr/bin/c++    -isysroot /Library/Developer/CommandLineTools/SDKs/MacOSX10.15.sdk   -o CMakeFiles/cmTC_c4222.dir/testCXXCompiler.cxx.o -c /Users/hcs/Documents/version-control/leveldb/cmake-build-debug/CMakeFiles/CMakeTmp/testCXXCompiler.cxx
Linking CXX executable cmTC_c4222
/Applications/CLion.app/Contents/bin/cmake/mac/bin/cmake -E cmake_link_script CMakeFiles/cmTC_c4222.dir/link.txt --verbose=1
/Library/Developer/CommandLineTools/usr/bin/c++    -isysroot /Library/Developer/CommandLineTools/SDKs/MacOSX10.15.sdk -Wl,-search_paths_first -Wl,-headerpad_max_install_names   CMakeFiles/cmTC_c4222.dir/testCXXCompiler.cxx.o  -o cmTC_c4222 
gmake[1]: Leaving directory '/Users/hcs/Documents/version-control/leveldb/cmake-build-debug/CMakeFiles/CMakeTmp'


Detecting CXX compiler ABI info compiled with the following output:
Change Dir: /Users/hcs/Documents/version-control/leveldb/cmake-build-debug/CMakeFiles/CMakeTmp

Run Build Command:"/usr/local/bin/gmake" "cmTC_6d4f0/fast"
/usr/local/bin/gmake -f CMakeFiles/cmTC_6d4f0.dir/build.make CMakeFiles/cmTC_6d4f0.dir/build
gmake[1]: Entering directory '/Users/hcs/Documents/version-control/leveldb/cmake-build-debug/CMakeFiles/CMakeTmp'
Building CXX object CMakeFiles/cmTC_6d4f0.dir/CMakeCXXCompilerABI.cpp.o
/Library/Developer/CommandLineTools/usr/bin/c++    -isysroot /Library/Developer/CommandLineTools/SDKs/MacOSX10.15.sdk   -o CMakeFiles/cmTC_6d4f0.dir/CMakeCXXCompilerABI.cpp.o -c /Applications/CLion.app/Contents/bin/cmake/mac/share/cmake-3.13/Modules/CMakeCXXCompilerABI.cpp
Linking CXX executable cmTC_6d4f0
/Applications/CLion.app/Contents/bin/cmake/mac/bin/cmake -E cmake_link_script CMakeFiles/cmTC_6d4f0.dir/link.txt --verbose=1
/Library/Developer/CommandLineTools/usr/bin/c++    -isysroot /Library/Developer/CommandLineTools/SDKs/MacOSX10.15.sdk -Wl,-search_paths_first -Wl,-headerpad_max_install_names  -v -Wl,-v CMakeFiles/cmTC_6d4f0.dir/CMakeCXXCompilerABI.cpp.o  -o cmTC_6d4f0 
Apple clang version 11.0.0 (clang-1100.0.33.16)
Target: x86_64-apple-darwin19.2.0
Thread model: posix
InstalledDir: /Library/Developer/CommandLineTools/usr/bin
 "/Library/Developer/CommandLineTools/usr/bin/ld" -demangle -lto_library /Library/Developer/CommandLineTools/usr/lib/libLTO.dylib -dynamic -arch x86_64 -macosx_version_min 10.15.0 -syslibroot /Library/Developer/CommandLineTools/SDKs/MacOSX10.15.sdk -o cmTC_6d4f0 -search_paths_first -headerpad_max_install_names -v CMakeFiles/cmTC_6d4f0.dir/CMakeCXXCompilerABI.cpp.o -lc++ -lSystem /Library/Developer/CommandLineTools/usr/lib/clang/11.0.0/lib/darwin/libclang_rt.osx.a
@(#)PROGRAM:ld  PROJECT:ld64-530
BUILD 03:01:58 Nov 15 2019
configured to support archs: armv6 armv7 armv7s arm64 arm64e arm64_32 i386 x86_64 x86_64h armv6m armv7k armv7m armv7em
Library search paths:
	/Library/Developer/CommandLineTools/SDKs/MacOSX10.15.sdk/usr/lib
Framework search paths:
	/Library/Developer/CommandLineTools/SDKs/MacOSX10.15.sdk/System/Library/Frameworks/
gmake[1]: Leaving directory '/Users/hcs/Documents/version-control/leveldb/cmake-build-debug/CMakeFiles/CMakeTmp'


Parsed CXX implicit link information from above output:
  link line regex: [^( *|.*[/\])(ld|CMAKE_LINK_STARTFILE-NOTFOUND|([^/\]+-)?ld|collect2)[^/\]*( |$)]
  ignore line: [Change Dir: /Users/hcs/Documents/version-control/leveldb/cmake-build-debug/CMakeFiles/CMakeTmp]
  ignore line: []
  ignore line: [Run Build Command:"/usr/local/bin/gmake" "cmTC_6d4f0/fast"]
  ignore line: [/usr/local/bin/gmake -f CMakeFiles/cmTC_6d4f0.dir/build.make CMakeFiles/cmTC_6d4f0.dir/build]
  ignore line: [gmake[1]: Entering directory '/Users/hcs/Documents/version-control/leveldb/cmake-build-debug/CMakeFiles/CMakeTmp']
  ignore line: [Building CXX object CMakeFiles/cmTC_6d4f0.dir/CMakeCXXCompilerABI.cpp.o]
  ignore line: [/Library/Developer/CommandLineTools/usr/bin/c++    -isysroot /Library/Developer/CommandLineTools/SDKs/MacOSX10.15.sdk   -o CMakeFiles/cmTC_6d4f0.dir/CMakeCXXCompilerABI.cpp.o -c /Applications/CLion.app/Contents/bin/cmake/mac/share/cmake-3.13/Modules/CMakeCXXCompilerABI.cpp]
  ignore line: [Linking CXX executable cmTC_6d4f0]
  ignore line: [/Applications/CLion.app/Contents/bin/cmake/mac/bin/cmake -E cmake_link_script CMakeFiles/cmTC_6d4f0.dir/link.txt --verbose=1]
  ignore line: [/Library/Developer/CommandLineTools/usr/bin/c++    -isysroot /Library/Developer/CommandLineTools/SDKs/MacOSX10.15.sdk -Wl,-search_paths_first -Wl,-headerpad_max_install_names  -v -Wl,-v CMakeFiles/cmTC_6d4f0.dir/CMakeCXXCompilerABI.cpp.o  -o cmTC_6d4f0 ]
  ignore line: [Apple clang version 11.0.0 (clang-1100.0.33.16)]
  ignore line: [Target: x86_64-apple-darwin19.2.0]
  ignore line: [Thread model: posix]
  ignore line: [InstalledDir: /Library/Developer/CommandLineTools/usr/bin]
  link line: [ "/Library/Developer/CommandLineTools/usr/bin/ld" -demangle -lto_library /Library/Developer/CommandLineTools/usr/lib/libLTO.dylib -dynamic -arch x86_64 -macosx_version_min 10.15.0 -syslibroot /Library/Developer/CommandLineTools/SDKs/MacOSX10.15.sdk -o cmTC_6d4f0 -search_paths_first -headerpad_max_install_names -v CMakeFiles/cmTC_6d4f0.dir/CMakeCXXCompilerABI.cpp.o -lc++ -lSystem /Library/Developer/CommandLineTools/usr/lib/clang/11.0.0/lib/darwin/libclang_rt.osx.a]
    arg [/Library/Developer/CommandLineTools/usr/bin/ld] ==> ignore
    arg [-demangle] ==> ignore
    arg [-lto_library] ==> ignore, skip following value
    arg [/Library/Developer/CommandLineTools/usr/lib/libLTO.dylib] ==> skip value of -lto_library
    arg [-dynamic] ==> ignore
    arg [-arch] ==> ignore
    arg [x86_64] ==> ignore
    arg [-macosx_version_min] ==> ignore
    arg [10.15.0] ==> ignore
    arg [-syslibroot] ==> ignore
    arg [/Library/Developer/CommandLineTools/SDKs/MacOSX10.15.sdk] ==> ignore
    arg [-o] ==> ignore
    arg [cmTC_6d4f0] ==> ignore
    arg [-search_paths_first] ==> ignore
    arg [-headerpad_max_install_names] ==> ignore
    arg [-v] ==> ignore
    arg [CMakeFiles/cmTC_6d4f0.dir/CMakeCXXCompilerABI.cpp.o] ==> ignore
    arg [-lc++] ==> lib [c++]
    arg [-lSystem] ==> lib [System]
    arg [/Library/Developer/CommandLineTools/usr/lib/clang/11.0.0/lib/darwin/libclang_rt.osx.a] ==> lib [/Library/Developer/CommandLineTools/usr/lib/clang/11.0.0/lib/darwin/libclang_rt.osx.a]
  Library search paths: [;/Library/Developer/CommandLineTools/SDKs/MacOSX10.15.sdk/usr/lib]
  Framework search paths: [;/Library/Developer/CommandLineTools/SDKs/MacOSX10.15.sdk/System/Library/Frameworks/]
  remove lib [System]
  remove lib [/Library/Developer/CommandLineTools/usr/lib/clang/11.0.0/lib/darwin/libclang_rt.osx.a]
  collapse library dir [/Library/Developer/CommandLineTools/SDKs/MacOSX10.15.sdk/usr/lib] ==> [/Library/Developer/CommandLineTools/SDKs/MacOSX10.15.sdk/usr/lib]
  collapse framework dir [/Library/Developer/CommandLineTools/SDKs/MacOSX10.15.sdk/System/Library/Frameworks/] ==> [/Library/Developer/CommandLineTools/SDKs/MacOSX10.15.sdk/System/Library/Frameworks]
  implicit libs: [c++]
  implicit dirs: [/Library/Developer/CommandLineTools/SDKs/MacOSX10.15.sdk/usr/lib]
  implicit fwks: [/Library/Developer/CommandLineTools/SDKs/MacOSX10.15.sdk/System/Library/Frameworks]




Detecting CXX [-std=c++1z] compiler features compiled with the following output:
Change Dir: /Users/hcs/Documents/version-control/leveldb/cmake-build-debug/CMakeFiles/CMakeTmp

Run Build Command:"/usr/local/bin/gmake" "cmTC_6adb7/fast"
/usr/local/bin/gmake -f CMakeFiles/cmTC_6adb7.dir/build.make CMakeFiles/cmTC_6adb7.dir/build
gmake[1]: Entering directory '/Users/hcs/Documents/version-control/leveldb/cmake-build-debug/CMakeFiles/CMakeTmp'
Building CXX object CMakeFiles/cmTC_6adb7.dir/feature_tests.cxx.o
/Library/Developer/CommandLineTools/usr/bin/c++    -isysroot /Library/Developer/CommandLineTools/SDKs/MacOSX10.15.sdk   -std=c++1z -o CMakeFiles/cmTC_6adb7.dir/feature_tests.cxx.o -c /Users/hcs/Documents/version-control/leveldb/cmake-build-debug/CMakeFiles/feature_tests.cxx
Linking CXX executable cmTC_6adb7
/Applications/CLion.app/Contents/bin/cmake/mac/bin/cmake -E cmake_link_script CMakeFiles/cmTC_6adb7.dir/link.txt --verbose=1
/Library/Developer/CommandLineTools/usr/bin/c++    -isysroot /Library/Developer/CommandLineTools/SDKs/MacOSX10.15.sdk -Wl,-search_paths_first -Wl,-headerpad_max_install_names   CMakeFiles/cmTC_6adb7.dir/feature_tests.cxx.o  -o cmTC_6adb7 
gmake[1]: Leaving directory '/Users/hcs/Documents/version-control/leveldb/cmake-build-debug/CMakeFiles/CMakeTmp'


    Feature record: CXX_FEATURE:1cxx_aggregate_default_initializers
    Feature record: CXX_FEATURE:1cxx_alias_templates
    Feature record: CXX_FEATURE:1cxx_alignas
    Feature record: CXX_FEATURE:1cxx_alignof
    Feature record: CXX_FEATURE:1cxx_attributes
    Feature record: CXX_FEATURE:1cxx_attribute_deprecated
    Feature record: CXX_FEATURE:1cxx_auto_type
    Feature record: CXX_FEATURE:1cxx_binary_literals
    Feature record: CXX_FEATURE:1cxx_constexpr
    Feature record: CXX_FEATURE:1cxx_contextual_conversions
    Feature record: CXX_FEATURE:1cxx_decltype
    Feature record: CXX_FEATURE:1cxx_decltype_auto
    Feature record: CXX_FEATURE:1cxx_decltype_incomplete_return_types
    Feature record: CXX_FEATURE:1cxx_default_function_template_args
    Feature record: CXX_FEATURE:1cxx_defaulted_functions
    Feature record: CXX_FEATURE:1cxx_defaulted_move_initializers
    Feature record: CXX_FEATURE:1cxx_delegating_constructors
    Feature record: CXX_FEATURE:1cxx_deleted_functions
    Feature record: CXX_FEATURE:1cxx_digit_separators
    Feature record: CXX_FEATURE:1cxx_enum_forward_declarations
    Feature record: CXX_FEATURE:1cxx_explicit_conversions
    Feature record: CXX_FEATURE:1cxx_extended_friend_declarations
    Feature record: CXX_FEATURE:1cxx_extern_templates
    Feature record: CXX_FEATURE:1cxx_final
    Feature record: CXX_FEATURE:1cxx_func_identifier
    Feature record: CXX_FEATURE:1cxx_generalized_initializers
    Feature record: CXX_FEATURE:1cxx_generic_lambdas
    Feature record: CXX_FEATURE:1cxx_inheriting_constructors
    Feature record: CXX_FEATURE:1cxx_inline_namespaces
    Feature record: CXX_FEATURE:1cxx_lambdas
    Feature record: CXX_FEATURE:1cxx_lambda_init_captures
    Feature record: CXX_FEATURE:1cxx_local_type_template_args
    Feature record: CXX_FEATURE:1cxx_long_long_type
    Feature record: CXX_FEATURE:1cxx_noexcept
    Feature record: CXX_FEATURE:1cxx_nonstatic_member_init
    Feature record: CXX_FEATURE:1cxx_nullptr
    Feature record: CXX_FEATURE:1cxx_override
    Feature record: CXX_FEATURE:1cxx_range_for
    Feature record: CXX_FEATURE:1cxx_raw_string_literals
    Feature record: CXX_FEATURE:1cxx_reference_qualified_functions
    Feature record: CXX_FEATURE:1cxx_relaxed_constexpr
    Feature record: CXX_FEATURE:1cxx_return_type_deduction
    Feature record: CXX_FEATURE:1cxx_right_angle_brackets
    Feature record: CXX_FEATURE:1cxx_rvalue_references
    Feature record: CXX_FEATURE:1cxx_sizeof_member
    Feature record: CXX_FEATURE:1cxx_static_assert
    Feature record: CXX_FEATURE:1cxx_strong_enums
    Feature record: CXX_FEATURE:1cxx_template_template_parameters
    Feature record: CXX_FEATURE:1cxx_thread_local
    Feature record: CXX_FEATURE:1cxx_trailing_return_types
    Feature record: CXX_FEATURE:1cxx_unicode_literals
    Feature record: CXX_FEATURE:1cxx_uniform_initialization
    Feature record: CXX_FEATURE:1cxx_unrestricted_unions
    Feature record: CXX_FEATURE:1cxx_user_literals
    Feature record: CXX_FEATURE:1cxx_variable_templates
    Feature record: CXX_FEATURE:1cxx_variadic_macros
    Feature record: CXX_FEATURE:1cxx_variadic_templates


Detecting CXX [-std=c++14] compiler features compiled with the following output:
Change Dir: /Users/hcs/Documents/version-control/leveldb/cmake-build-debug/CMakeFiles/CMakeTmp

Run Build Command:"/usr/local/bin/gmake" "cmTC_cffe5/fast"
/usr/local/bin/gmake -f CMakeFiles/cmTC_cffe5.dir/build.make CMakeFiles/cmTC_cffe5.dir/build
gmake[1]: Entering directory '/Users/hcs/Documents/version-control/leveldb/cmake-build-debug/CMakeFiles/CMakeTmp'
Building CXX object CMakeFiles/cmTC_cffe5.dir/feature_tests.cxx.o
/Library/Developer/CommandLineTools/usr/bin/c++    -isysroot /Library/Developer/CommandLineTools/SDKs/MacOSX10.15.sdk   -std=c++14 -o CMakeFiles/cmTC_cffe5.dir/feature_tests.cxx.o -c /Users/hcs/Documents/version-control/leveldb/cmake-build-debug/CMakeFiles/feature_tests.cxx
Linking CXX executable cmTC_cffe5
/Applications/CLion.app/Contents/bin/cmake/mac/bin/cmake -E cmake_link_script CMakeFiles/cmTC_cffe5.dir/link.txt --verbose=1
/Library/Developer/CommandLineTools/usr/bin/c++    -isysroot /Library/Developer/CommandLineTools/SDKs/MacOSX10.15.sdk -Wl,-search_paths_first -Wl,-headerpad_max_install_names   CMakeFiles/cmTC_cffe5.dir/feature_tests.cxx.o  -o cmTC_cffe5 
gmake[1]: Leaving directory '/Users/hcs/Documents/version-control/leveldb/cmake-build-debug/CMakeFiles/CMakeTmp'


    Feature record: CXX_FEATURE:1cxx_aggregate_default_initializers
    Feature record: CXX_FEATURE:1cxx_alias_templates
    Feature record: CXX_FEATURE:1cxx_alignas
    Feature record: CXX_FEATURE:1cxx_alignof
    Feature record: CXX_FEATURE:1cxx_attributes
    Feature record: CXX_FEATURE:1cxx_attribute_deprecated
    Feature record: CXX_FEATURE:1cxx_auto_type
    Feature record: CXX_FEATURE:1cxx_binary_literals
    Feature record: CXX_FEATURE:1cxx_constexpr
    Feature record: CXX_FEATURE:1cxx_contextual_conversions
    Feature record: CXX_FEATURE:1cxx_decltype
    Feature record: CXX_FEATURE:1cxx_decltype_auto
    Feature record: CXX_FEATURE:1cxx_decltype_incomplete_return_types
    Feature record: CXX_FEATURE:1cxx_default_function_template_args
    Feature record: CXX_FEATURE:1cxx_defaulted_functions
    Feature record: CXX_FEATURE:1cxx_defaulted_move_initializers
    Feature record: CXX_FEATURE:1cxx_delegating_constructors
    Feature record: CXX_FEATURE:1cxx_deleted_functions
    Feature record: CXX_FEATURE:1cxx_digit_separators
    Feature record: CXX_FEATURE:1cxx_enum_forward_declarations
    Feature record: CXX_FEATURE:1cxx_explicit_conversions
    Feature record: CXX_FEATURE:1cxx_extended_friend_declarations
    Feature record: CXX_FEATURE:1cxx_extern_templates
    Feature record: CXX_FEATURE:1cxx_final
    Feature record: CXX_FEATURE:1cxx_func_identifier
    Feature record: CXX_FEATURE:1cxx_generalized_initializers
    Feature record: CXX_FEATURE:1cxx_generic_lambdas
    Feature record: CXX_FEATURE:1cxx_inheriting_constructors
    Feature record: CXX_FEATURE:1cxx_inline_namespaces
    Feature record: CXX_FEATURE:1cxx_lambdas
    Feature record: CXX_FEATURE:1cxx_lambda_init_captures
    Feature record: CXX_FEATURE:1cxx_local_type_template_args
    Feature record: CXX_FEATURE:1cxx_long_long_type
    Feature record: CXX_FEATURE:1cxx_noexcept
    Feature record: CXX_FEATURE:1cxx_nonstatic_member_init
    Feature record: CXX_FEATURE:1cxx_nullptr
    Feature record: CXX_FEATURE:1cxx_override
    Feature record: CXX_FEATURE:1cxx_range_for
    Feature record: CXX_FEATURE:1cxx_raw_string_literals
    Feature record: CXX_FEATURE:1cxx_reference_qualified_functions
    Feature record: CXX_FEATURE:1cxx_relaxed_constexpr
    Feature record: CXX_FEATURE:1cxx_return_type_deduction
    Feature record: CXX_FEATURE:1cxx_right_angle_brackets
    Feature record: CXX_FEATURE:1cxx_rvalue_references
    Feature record: CXX_FEATURE:1cxx_sizeof_member
    Feature record: CXX_FEATURE:1cxx_static_assert
    Feature record: CXX_FEATURE:1cxx_strong_enums
    Feature record: CXX_FEATURE:1cxx_template_template_parameters
    Feature record: CXX_FEATURE:1cxx_thread_local
    Feature record: CXX_FEATURE:1cxx_trailing_return_types
    Feature record: CXX_FEATURE:1cxx_unicode_literals
    Feature record: CXX_FEATURE:1cxx_uniform_initialization
    Feature record: CXX_FEATURE:1cxx_unrestricted_unions
    Feature record: CXX_FEATURE:1cxx_user_literals
    Feature record: CXX_FEATURE:1cxx_variable_templates
    Feature record: CXX_FEATURE:1cxx_variadic_macros
    Feature record: CXX_FEATURE:1cxx_variadic_templates


Detecting CXX [-std=c++11] compiler features compiled with the following output:
Change Dir: /Users/hcs/Documents/version-control/leveldb/cmake-build-debug/CMakeFiles/CMakeTmp

Run Build Command:"/usr/local/bin/gmake" "cmTC_4b219/fast"
/usr/local/bin/gmake -f CMakeFiles/cmTC_4b219.dir/build.make CMakeFiles/cmTC_4b219.dir/build
gmake[1]: Entering directory '/Users/hcs/Documents/version-control/leveldb/cmake-build-debug/CMakeFiles/CMakeTmp'
Building CXX object CMakeFiles/cmTC_4b219.dir/feature_tests.cxx.o
/Library/Developer/CommandLineTools/usr/bin/c++    -isysroot /Library/Developer/CommandLineTools/SDKs/MacOSX10.15.sdk   -std=c++11 -o CMakeFiles/cmTC_4b219.dir/feature_tests.cxx.o -c /Users/hcs/Documents/version-control/leveldb/cmake-build-debug/CMakeFiles/feature_tests.cxx
Linking CXX executable cmTC_4b219
/Applications/CLion.app/Contents/bin/cmake/mac/bin/cmake -E cmake_link_script CMakeFiles/cmTC_4b219.dir/link.txt --verbose=1
/Library/Developer/CommandLineTools/usr/bin/c++    -isysroot /Library/Developer/CommandLineTools/SDKs/MacOSX10.15.sdk -Wl,-search_paths_first -Wl,-headerpad_max_install_names   CMakeFiles/cmTC_4b219.dir/feature_tests.cxx.o  -o cmTC_4b219 
gmake[1]: Leaving directory '/Users/hcs/Documents/version-control/leveldb/cmake-build-debug/CMakeFiles/CMakeTmp'


    Feature record: CXX_FEATURE:0cxx_aggregate_default_initializers
    Feature record: CXX_FEATURE:1cxx_alias_templates
    Feature record: CXX_FEATURE:1cxx_alignas
    Feature record: CXX_FEATURE:1cxx_alignof
    Feature record: CXX_FEATURE:1cxx_attributes
    Feature record: CXX_FEATURE:0cxx_attribute_deprecated
    Feature record: CXX_FEATURE:1cxx_auto_type
    Feature record: CXX_FEATURE:0cxx_binary_literals
    Feature record: CXX_FEATURE:1cxx_constexpr
    Feature record: CXX_FEATURE:0cxx_contextual_conversions
    Feature record: CXX_FEATURE:1cxx_decltype
    Feature record: CXX_FEATURE:0cxx_decltype_auto
    Feature record: CXX_FEATURE:1cxx_decltype_incomplete_return_types
    Feature record: CXX_FEATURE:1cxx_default_function_template_args
    Feature record: CXX_FEATURE:1cxx_defaulted_functions
    Feature record: CXX_FEATURE:1cxx_defaulted_move_initializers
    Feature record: CXX_FEATURE:1cxx_delegating_constructors
    Feature record: CXX_FEATURE:1cxx_deleted_functions
    Feature record: CXX_FEATURE:0cxx_digit_separators
    Feature record: CXX_FEATURE:1cxx_enum_forward_declarations
    Feature record: CXX_FEATURE:1cxx_explicit_conversions
    Feature record: CXX_FEATURE:1cxx_extended_friend_declarations
    Feature record: CXX_FEATURE:1cxx_extern_templates
    Feature record: CXX_FEATURE:1cxx_final
    Feature record: CXX_FEATURE:1cxx_func_identifier
    Feature record: CXX_FEATURE:1cxx_generalized_initializers
    Feature record: CXX_FEATURE:0cxx_generic_lambdas
    Feature record: CXX_FEATURE:1cxx_inheriting_constructors
    Feature record: CXX_FEATURE:1cxx_inline_namespaces
    Feature record: CXX_FEATURE:1cxx_lambdas
    Feature record: CXX_FEATURE:0cxx_lambda_init_captures
    Feature record: CXX_FEATURE:1cxx_local_type_template_args
    Feature record: CXX_FEATURE:1cxx_long_long_type
    Feature record: CXX_FEATURE:1cxx_noexcept
    Feature record: CXX_FEATURE:1cxx_nonstatic_member_init
    Feature record: CXX_FEATURE:1cxx_nullptr
    Feature record: CXX_FEATURE:1cxx_override
    Feature record: CXX_FEATURE:1cxx_range_for
    Feature record: CXX_FEATURE:1cxx_raw_string_literals
    Feature record: CXX_FEATURE:1cxx_reference_qualified_functions
    Feature record: CXX_FEATURE:0cxx_relaxed_constexpr
    Feature record: CXX_FEATURE:0cxx_return_type_deduction
    Feature record: CXX_FEATURE:1cxx_right_angle_brackets
    Feature record: CXX_FEATURE:1cxx_rvalue_references
    Feature record: CXX_FEATURE:1cxx_sizeof_member
    Feature record: CXX_FEATURE:1cxx_static_assert
    Feature record: CXX_FEATURE:1cxx_strong_enums
    Feature record: CXX_FEATURE:1cxx_template_template_parameters
    Feature record: CXX_FEATURE:1cxx_thread_local
    Feature record: CXX_FEATURE:1cxx_trailing_return_types
    Feature record: CXX_FEATURE:1cxx_unicode_literals
    Feature record: CXX_FEATURE:1cxx_uniform_initialization
    Feature record: CXX_FEATURE:1cxx_unrestricted_unions
    Feature record: CXX_FEATURE:1cxx_user_literals
    Feature record: CXX_FEATURE:0cxx_variable_templates
    Feature record: CXX_FEATURE:1cxx_variadic_macros
    Feature record: CXX_FEATURE:1cxx_variadic_templates


Detecting CXX [-std=c++98] compiler features compiled with the following output:
Change Dir: /Users/hcs/Documents/version-control/leveldb/cmake-build-debug/CMakeFiles/CMakeTmp

Run Build Command:"/usr/local/bin/gmake" "cmTC_c463c/fast"
/usr/local/bin/gmake -f CMakeFiles/cmTC_c463c.dir/build.make CMakeFiles/cmTC_c463c.dir/build
gmake[1]: Entering directory '/Users/hcs/Documents/version-control/leveldb/cmake-build-debug/CMakeFiles/CMakeTmp'
Building CXX object CMakeFiles/cmTC_c463c.dir/feature_tests.cxx.o
/Library/Developer/CommandLineTools/usr/bin/c++    -isysroot /Library/Developer/CommandLineTools/SDKs/MacOSX10.15.sdk   -std=c++98 -o CMakeFiles/cmTC_c463c.dir/feature_tests.cxx.o -c /Users/hcs/Documents/version-control/leveldb/cmake-build-debug/CMakeFiles/feature_tests.cxx
Linking CXX executable cmTC_c463c
/Applications/CLion.app/Contents/bin/cmake/mac/bin/cmake -E cmake_link_script CMakeFiles/cmTC_c463c.dir/link.txt --verbose=1
/Library/Developer/CommandLineTools/usr/bin/c++    -isysroot /Library/Developer/CommandLineTools/SDKs/MacOSX10.15.sdk -Wl,-search_paths_first -Wl,-headerpad_max_install_names   CMakeFiles/cmTC_c463c.dir/feature_tests.cxx.o  -o cmTC_c463c 
gmake[1]: Leaving directory '/Users/hcs/Documents/version-control/leveldb/cmake-build-debug/CMakeFiles/CMakeTmp'


    Feature record: CXX_FEATURE:0cxx_aggregate_default_initializers
    Feature record: CXX_FEATURE:0cxx_alias_templates
    Feature record: CXX_FEATURE:0cxx_alignas
    Feature record: CXX_FEATURE:0cxx_alignof
    Feature record: CXX_FEATURE:0cxx_attributes
    Feature record: CXX_FEATURE:0cxx_attribute_deprecated
    Feature record: CXX_FEATURE:0cxx_auto_type
    Feature record: CXX_FEATURE:0cxx_binary_literals
    Feature record: CXX_FEATURE:0cxx_constexpr
    Feature record: CXX_FEATURE:0cxx_contextual_conversions
    Feature record: CXX_FEATURE:0cxx_decltype
    Feature record: CXX_FEATURE:0cxx_decltype_auto
    Feature record: CXX_FEATURE:0cxx_decltype_incomplete_return_types
    Feature record: CXX_FEATURE:0cxx_default_function_template_args
    Feature record: CXX_FEATURE:0cxx_defaulted_functions
    Feature record: CXX_FEATURE:0cxx_defaulted_move_initializers
    Feature record: CXX_FEATURE:0cxx_delegating_constructors
    Feature record: CXX_FEATURE:0cxx_deleted_functions
    Feature record: CXX_FEATURE:0cxx_digit_separators
    Feature record: CXX_FEATURE:0cxx_enum_forward_declarations
    Feature record: CXX_FEATURE:0cxx_explicit_conversions
    Feature record: CXX_FEATURE:0cxx_extended_friend_declarations
    Feature record: CXX_FEATURE:0cxx_extern_templates
    Feature record: CXX_FEATURE:0cxx_final
    Feature record: CXX_FEATURE:0cxx_func_identifier
    Feature record: CXX_FEATURE:0cxx_generalized_initializers
    Feature record: CXX_FEATURE:0cxx_generic_lambdas
    Feature record: CXX_FEATURE:0cxx_inheriting_constructors
    Feature record: CXX_FEATURE:0cxx_inline_namespaces
    Feature record: CXX_FEATURE:0cxx_lambdas
    Feature record: CXX_FEATURE:0cxx_lambda_init_captures
    Feature record: CXX_FEATURE:0cxx_local_type_template_args
    Feature record: CXX_FEATURE:0cxx_long_long_type
    Feature record: CXX_FEATURE:0cxx_noexcept
    Feature record: CXX_FEATURE:0cxx_nonstatic_member_init
    Feature record: CXX_FEATURE:0cxx_nullptr
    Feature record: CXX_FEATURE:0cxx_override
    Feature record: CXX_FEATURE:0cxx_range_for
    Feature record: CXX_FEATURE:0cxx_raw_string_literals
    Feature record: CXX_FEATURE:0cxx_reference_qualified_functions
    Feature record: CXX_FEATURE:0cxx_relaxed_constexpr
    Feature record: CXX_FEATURE:0cxx_return_type_deduction
    Feature record: CXX_FEATURE:0cxx_right_angle_brackets
    Feature record: CXX_FEATURE:0cxx_rvalue_references
    Feature record: CXX_FEATURE:0cxx_sizeof_member
    Feature record: CXX_FEATURE:0cxx_static_assert
    Feature record: CXX_FEATURE:0cxx_strong_enums
    Feature record: CXX_FEATURE:1cxx_template_template_parameters
    Feature record: CXX_FEATURE:0cxx_thread_local
    Feature record: CXX_FEATURE:0cxx_trailing_return_types
    Feature record: CXX_FEATURE:0cxx_unicode_literals
    Feature record: CXX_FEATURE:0cxx_uniform_initialization
    Feature record: CXX_FEATURE:0cxx_unrestricted_unions
    Feature record: CXX_FEATURE:0cxx_user_literals
    Feature record: CXX_FEATURE:0cxx_variable_templates
    Feature record: CXX_FEATURE:0cxx_variadic_macros
    Feature record: CXX_FEATURE:0cxx_variadic_templates
Determining if the include file sys/types.h exists passed with the following output:
Change Dir: /Users/hcs/Documents/version-control/leveldb/cmake-build-debug/CMakeFiles/CMakeTmp

Run Build Command:"/usr/local/bin/gmake" "cmTC_8d4f8/fast"
/usr/local/bin/gmake -f CMakeFiles/cmTC_8d4f8.dir/build.make CMakeFiles/cmTC_8d4f8.dir/build
gmake[1]: Entering directory '/Users/hcs/Documents/version-control/leveldb/cmake-build-debug/CMakeFiles/CMakeTmp'
Building C object CMakeFiles/cmTC_8d4f8.dir/CheckIncludeFile.c.o
/Library/Developer/CommandLineTools/usr/bin/cc   -isysroot /Library/Developer/CommandLineTools/SDKs/MacOSX10.15.sdk   -std=c11 -o CMakeFiles/cmTC_8d4f8.dir/CheckIncludeFile.c.o   -c /Users/hcs/Documents/version-control/leveldb/cmake-build-debug/CMakeFiles/CMakeTmp/CheckIncludeFile.c
Linking C executable cmTC_8d4f8
/Applications/CLion.app/Contents/bin/cmake/mac/bin/cmake -E cmake_link_script CMakeFiles/cmTC_8d4f8.dir/link.txt --verbose=1
/Library/Developer/CommandLineTools/usr/bin/cc   -isysroot /Library/Developer/CommandLineTools/SDKs/MacOSX10.15.sdk -Wl,-search_paths_first -Wl,-headerpad_max_install_names   CMakeFiles/cmTC_8d4f8.dir/CheckIncludeFile.c.o  -o cmTC_8d4f8 
gmake[1]: Leaving directory '/Users/hcs/Documents/version-control/leveldb/cmake-build-debug/CMakeFiles/CMakeTmp'


Determining if the include file stdint.h exists passed with the following output:
Change Dir: /Users/hcs/Documents/version-control/leveldb/cmake-build-debug/CMakeFiles/CMakeTmp

Run Build Command:"/usr/local/bin/gmake" "cmTC_df4a5/fast"
/usr/local/bin/gmake -f CMakeFiles/cmTC_df4a5.dir/build.make CMakeFiles/cmTC_df4a5.dir/build
gmake[1]: Entering directory '/Users/hcs/Documents/version-control/leveldb/cmake-build-debug/CMakeFiles/CMakeTmp'
Building C object CMakeFiles/cmTC_df4a5.dir/CheckIncludeFile.c.o
/Library/Developer/CommandLineTools/usr/bin/cc   -isysroot /Library/Developer/CommandLineTools/SDKs/MacOSX10.15.sdk   -std=c11 -o CMakeFiles/cmTC_df4a5.dir/CheckIncludeFile.c.o   -c /Users/hcs/Documents/version-control/leveldb/cmake-build-debug/CMakeFiles/CMakeTmp/CheckIncludeFile.c
Linking C executable cmTC_df4a5
/Applications/CLion.app/Contents/bin/cmake/mac/bin/cmake -E cmake_link_script CMakeFiles/cmTC_df4a5.dir/link.txt --verbose=1
/Library/Developer/CommandLineTools/usr/bin/cc   -isysroot /Library/Developer/CommandLineTools/SDKs/MacOSX10.15.sdk -Wl,-search_paths_first -Wl,-headerpad_max_install_names   CMakeFiles/cmTC_df4a5.dir/CheckIncludeFile.c.o  -o cmTC_df4a5 
gmake[1]: Leaving directory '/Users/hcs/Documents/version-control/leveldb/cmake-build-debug/CMakeFiles/CMakeTmp'


Determining if the include file stddef.h exists passed with the following output:
Change Dir: /Users/hcs/Documents/version-control/leveldb/cmake-build-debug/CMakeFiles/CMakeTmp

Run Build Command:"/usr/local/bin/gmake" "cmTC_2c528/fast"
/usr/local/bin/gmake -f CMakeFiles/cmTC_2c528.dir/build.make CMakeFiles/cmTC_2c528.dir/build
gmake[1]: Entering directory '/Users/hcs/Documents/version-control/leveldb/cmake-build-debug/CMakeFiles/CMakeTmp'
Building C object CMakeFiles/cmTC_2c528.dir/CheckIncludeFile.c.o
/Library/Developer/CommandLineTools/usr/bin/cc   -isysroot /Library/Developer/CommandLineTools/SDKs/MacOSX10.15.sdk   -std=c11 -o CMakeFiles/cmTC_2c528.dir/CheckIncludeFile.c.o   -c /Users/hcs/Documents/version-control/leveldb/cmake-build-debug/CMakeFiles/CMakeTmp/CheckIncludeFile.c
Linking C executable cmTC_2c528
/Applications/CLion.app/Contents/bin/cmake/mac/bin/cmake -E cmake_link_script CMakeFiles/cmTC_2c528.dir/link.txt --verbose=1
/Library/Developer/CommandLineTools/usr/bin/cc   -isysroot /Library/Developer/CommandLineTools/SDKs/MacOSX10.15.sdk -Wl,-search_paths_first -Wl,-headerpad_max_install_names   CMakeFiles/cmTC_2c528.dir/CheckIncludeFile.c.o  -o cmTC_2c528 
gmake[1]: Leaving directory '/Users/hcs/Documents/version-control/leveldb/cmake-build-debug/CMakeFiles/CMakeTmp'


Determining size of unsigned short passed with the following output:
Change Dir: /Users/hcs/Documents/version-control/leveldb/cmake-build-debug/CMakeFiles/CMakeTmp

Run Build Command:"/usr/local/bin/gmake" "cmTC_a94d5/fast"
/usr/local/bin/gmake -f CMakeFiles/cmTC_a94d5.dir/build.make CMakeFiles/cmTC_a94d5.dir/build
gmake[1]: Entering directory '/Users/hcs/Documents/version-control/leveldb/cmake-build-debug/CMakeFiles/CMakeTmp'
Building C object CMakeFiles/cmTC_a94d5.dir/CMAKE_SIZEOF_UNSIGNED_SHORT.c.o
/Library/Developer/CommandLineTools/usr/bin/cc   -isysroot /Library/Developer/CommandLineTools/SDKs/MacOSX10.15.sdk   -std=c11 -o CMakeFiles/cmTC_a94d5.dir/CMAKE_SIZEOF_UNSIGNED_SHORT.c.o   -c /Users/hcs/Documents/version-control/leveldb/cmake-build-debug/CMakeFiles/CheckTypeSize/CMAKE_SIZEOF_UNSIGNED_SHORT.c
Linking C executable cmTC_a94d5
/Applications/CLion.app/Contents/bin/cmake/mac/bin/cmake -E cmake_link_script CMakeFiles/cmTC_a94d5.dir/link.txt --verbose=1
/Library/Developer/CommandLineTools/usr/bin/cc   -isysroot /Library/Developer/CommandLineTools/SDKs/MacOSX10.15.sdk -Wl,-search_paths_first -Wl,-headerpad_max_install_names   CMakeFiles/cmTC_a94d5.dir/CMAKE_SIZEOF_UNSIGNED_SHORT.c.o  -o cmTC_a94d5 
gmake[1]: Leaving directory '/Users/hcs/Documents/version-control/leveldb/cmake-build-debug/CMakeFiles/CMakeTmp'


Determining if the system is big endian passed with the following output:
Change Dir: /Users/hcs/Documents/version-control/leveldb/cmake-build-debug/CMakeFiles/CMakeTmp

Run Build Command:"/usr/local/bin/gmake" "cmTC_6ad8a/fast"
/usr/local/bin/gmake -f CMakeFiles/cmTC_6ad8a.dir/build.make CMakeFiles/cmTC_6ad8a.dir/build
gmake[1]: Entering directory '/Users/hcs/Documents/version-control/leveldb/cmake-build-debug/CMakeFiles/CMakeTmp'
Building C object CMakeFiles/cmTC_6ad8a.dir/TestEndianess.c.o
/Library/Developer/CommandLineTools/usr/bin/cc   -isysroot /Library/Developer/CommandLineTools/SDKs/MacOSX10.15.sdk   -std=c11 -o CMakeFiles/cmTC_6ad8a.dir/TestEndianess.c.o   -c /Users/hcs/Documents/version-control/leveldb/cmake-build-debug/CMakeFiles/CMakeTmp/TestEndianess.c
Linking C executable cmTC_6ad8a
/Applications/CLion.app/Contents/bin/cmake/mac/bin/cmake -E cmake_link_script CMakeFiles/cmTC_6ad8a.dir/link.txt --verbose=1
/Library/Developer/CommandLineTools/usr/bin/cc   -isysroot /Library/Developer/CommandLineTools/SDKs/MacOSX10.15.sdk -Wl,-search_paths_first -Wl,-headerpad_max_install_names   CMakeFiles/cmTC_6ad8a.dir/TestEndianess.c.o  -o cmTC_6ad8a 
gmake[1]: Leaving directory '/Users/hcs/Documents/version-control/leveldb/cmake-build-debug/CMakeFiles/CMakeTmp'

TestEndianess.c:
/* A 16 bit integer is required. */
typedef unsigned short cmakeint16;

/* On a little endian machine, these 16bit ints will give "THIS IS LITTLE ENDIAN."
   On a big endian machine the characters will be exchanged pairwise. */
const cmakeint16 info_little[] =  {0x4854, 0x5349, 0x4920, 0x2053, 0x494c, 0x5454, 0x454c, 0x4520, 0x444e, 0x4149, 0x2e4e, 0x0000};

/* on a big endian machine, these 16bit ints will give "THIS IS BIG ENDIAN."
   On a little endian machine the characters will be exchanged pairwise. */
const cmakeint16 info_big[] =     {0x5448, 0x4953, 0x2049, 0x5320, 0x4249, 0x4720, 0x454e, 0x4449, 0x414e, 0x2e2e, 0x0000};

#ifdef __CLASSIC_C__
int main(argc, argv) int argc; char *argv[];
#else
int main(int argc, char *argv[])
#endif
{
  int require = 0;
  require += info_little[argc];
  require += info_big[argc];
  (void)argv;
  return require;
}


Determining if the include file unistd.h exists passed with the following output:
Change Dir: /Users/hcs/Documents/version-control/leveldb/cmake-build-debug/CMakeFiles/CMakeTmp

Run Build Command:"/usr/local/bin/gmake" "cmTC_65425/fast"
/usr/local/bin/gmake -f CMakeFiles/cmTC_65425.dir/build.make CMakeFiles/cmTC_65425.dir/build
gmake[1]: Entering directory '/Users/hcs/Documents/version-control/leveldb/cmake-build-debug/CMakeFiles/CMakeTmp'
Building C object CMakeFiles/cmTC_65425.dir/CheckIncludeFile.c.o
/Library/Developer/CommandLineTools/usr/bin/cc   -isysroot /Library/Developer/CommandLineTools/SDKs/MacOSX10.15.sdk   -std=c11 -o CMakeFiles/cmTC_65425.dir/CheckIncludeFile.c.o   -c /Users/hcs/Documents/version-control/leveldb/cmake-build-debug/CMakeFiles/CMakeTmp/CheckIncludeFile.c
Linking C executable cmTC_65425
/Applications/CLion.app/Contents/bin/cmake/mac/bin/cmake -E cmake_link_script CMakeFiles/cmTC_65425.dir/link.txt --verbose=1
/Library/Developer/CommandLineTools/usr/bin/cc   -isysroot /Library/Developer/CommandLineTools/SDKs/MacOSX10.15.sdk -Wl,-search_paths_first -Wl,-headerpad_max_install_names   CMakeFiles/cmTC_65425.dir/CheckIncludeFile.c.o  -o cmTC_65425 
gmake[1]: Leaving directory '/Users/hcs/Documents/version-control/leveldb/cmake-build-debug/CMakeFiles/CMakeTmp'


Determining if the F_FULLFSYNC exist passed with the following output:
Change Dir: /Users/hcs/Documents/version-control/leveldb/cmake-build-debug/CMakeFiles/CMakeTmp

Run Build Command:"/usr/local/bin/gmake" "cmTC_fa0ef/fast"
/usr/local/bin/gmake -f CMakeFiles/cmTC_fa0ef.dir/build.make CMakeFiles/cmTC_fa0ef.dir/build
gmake[1]: Entering directory '/Users/hcs/Documents/version-control/leveldb/cmake-build-debug/CMakeFiles/CMakeTmp'
Building CXX object CMakeFiles/cmTC_fa0ef.dir/CheckSymbolExists.cxx.o
/Library/Developer/CommandLineTools/usr/bin/c++    -isysroot /Library/Developer/CommandLineTools/SDKs/MacOSX10.15.sdk   -std=c++11 -o CMakeFiles/cmTC_fa0ef.dir/CheckSymbolExists.cxx.o -c /Users/hcs/Documents/version-control/leveldb/cmake-build-debug/CMakeFiles/CMakeTmp/CheckSymbolExists.cxx
Linking CXX executable cmTC_fa0ef
/Applications/CLion.app/Contents/bin/cmake/mac/bin/cmake -E cmake_link_script CMakeFiles/cmTC_fa0ef.dir/link.txt --verbose=1
/Library/Developer/CommandLineTools/usr/bin/c++    -isysroot /Library/Developer/CommandLineTools/SDKs/MacOSX10.15.sdk -Wl,-search_paths_first -Wl,-headerpad_max_install_names   CMakeFiles/cmTC_fa0ef.dir/CheckSymbolExists.cxx.o  -o cmTC_fa0ef 
gmake[1]: Leaving directory '/Users/hcs/Documents/version-control/leveldb/cmake-build-debug/CMakeFiles/CMakeTmp'

File /Users/hcs/Documents/version-control/leveldb/cmake-build-debug/CMakeFiles/CMakeTmp/CheckSymbolExists.cxx:
/* */
#include <fcntl.h>

int main(int argc, char** argv)
{
  (void)argv;
#ifndef F_FULLFSYNC
  return ((int*)(&F_FULLFSYNC))[argc];
#else
  (void)argc;
  return 0;
#endif
}

Determining if the O_CLOEXEC exist passed with the following output:
Change Dir: /Users/hcs/Documents/version-control/leveldb/cmake-build-debug/CMakeFiles/CMakeTmp

Run Build Command:"/usr/local/bin/gmake" "cmTC_e2794/fast"
/usr/local/bin/gmake -f CMakeFiles/cmTC_e2794.dir/build.make CMakeFiles/cmTC_e2794.dir/build
gmake[1]: Entering directory '/Users/hcs/Documents/version-control/leveldb/cmake-build-debug/CMakeFiles/CMakeTmp'
Building CXX object CMakeFiles/cmTC_e2794.dir/CheckSymbolExists.cxx.o
/Library/Developer/CommandLineTools/usr/bin/c++    -isysroot /Library/Developer/CommandLineTools/SDKs/MacOSX10.15.sdk   -std=c++11 -o CMakeFiles/cmTC_e2794.dir/CheckSymbolExists.cxx.o -c /Users/hcs/Documents/version-control/leveldb/cmake-build-debug/CMakeFiles/CMakeTmp/CheckSymbolExists.cxx
Linking CXX executable cmTC_e2794
/Applications/CLion.app/Contents/bin/cmake/mac/bin/cmake -E cmake_link_script CMakeFiles/cmTC_e2794.dir/link.txt --verbose=1
/Library/Developer/CommandLineTools/usr/bin/c++    -isysroot /Library/Developer/CommandLineTools/SDKs/MacOSX10.15.sdk -Wl,-search_paths_first -Wl,-headerpad_max_install_names   CMakeFiles/cmTC_e2794.dir/CheckSymbolExists.cxx.o  -o cmTC_e2794 
gmake[1]: Leaving directory '/Users/hcs/Documents/version-control/leveldb/cmake-build-debug/CMakeFiles/CMakeTmp'

File /Users/hcs/Documents/version-control/leveldb/cmake-build-debug/CMakeFiles/CMakeTmp/CheckSymbolExists.cxx:
/* */
#include <fcntl.h>

int main(int argc, char** argv)
{
  (void)argv;
#ifndef O_CLOEXEC
  return ((int*)(&O_CLOEXEC))[argc];
#else
  (void)argc;
  return 0;
#endif
}

Performing C++ SOURCE FILE Test HAVE_CLANG_THREAD_SAFETY succeeded with the following output:
Change Dir: /Users/hcs/Documents/version-control/leveldb/cmake-build-debug/CMakeFiles/CMakeTmp

Run Build Command:"/usr/local/bin/gmake" "cmTC_f1ebc/fast"
/usr/local/bin/gmake -f CMakeFiles/cmTC_f1ebc.dir/build.make CMakeFiles/cmTC_f1ebc.dir/build
gmake[1]: Entering directory '/Users/hcs/Documents/version-control/leveldb/cmake-build-debug/CMakeFiles/CMakeTmp'
Building CXX object CMakeFiles/cmTC_f1ebc.dir/src.cxx.o
/Library/Developer/CommandLineTools/usr/bin/c++    -fno-exceptions -fno-rtti -DHAVE_CLANG_THREAD_SAFETY -isysroot /Library/Developer/CommandLineTools/SDKs/MacOSX10.15.sdk   -Wthread-safety -std=c++11 -o CMakeFiles/cmTC_f1ebc.dir/src.cxx.o -c /Users/hcs/Documents/version-control/leveldb/cmake-build-debug/CMakeFiles/CMakeTmp/src.cxx
Linking CXX executable cmTC_f1ebc
/Applications/CLion.app/Contents/bin/cmake/mac/bin/cmake -E cmake_link_script CMakeFiles/cmTC_f1ebc.dir/link.txt --verbose=1
/Library/Developer/CommandLineTools/usr/bin/c++   -fno-exceptions -fno-rtti -DHAVE_CLANG_THREAD_SAFETY -isysroot /Library/Developer/CommandLineTools/SDKs/MacOSX10.15.sdk -Wl,-search_paths_first -Wl,-headerpad_max_install_names   CMakeFiles/cmTC_f1ebc.dir/src.cxx.o  -o cmTC_f1ebc 
gmake[1]: Leaving directory '/Users/hcs/Documents/version-control/leveldb/cmake-build-debug/CMakeFiles/CMakeTmp'

Source file was:
int main() { return 0; }
Performing C++ SOURCE FILE Test LEVELDB_HAVE_NO_MISSING_FIELD_INITIALIZERS succeeded with the following output:
Change Dir: /Users/hcs/Documents/version-control/leveldb/cmake-build-debug/CMakeFiles/CMakeTmp

Run Build Command:"/usr/local/bin/gmake" "cmTC_6b477/fast"
/usr/local/bin/gmake -f CMakeFiles/cmTC_6b477.dir/build.make CMakeFiles/cmTC_6b477.dir/build
gmake[1]: Entering directory '/Users/hcs/Documents/version-control/leveldb/cmake-build-debug/CMakeFiles/CMakeTmp'
Building CXX object CMakeFiles/cmTC_6b477.dir/src.cxx.o
/Library/Developer/CommandLineTools/usr/bin/c++    -fno-exceptions -fno-rtti -DLEVELDB_HAVE_NO_MISSING_FIELD_INITIALIZERS -isysroot /Library/Developer/CommandLineTools/SDKs/MacOSX10.15.sdk   -Wno-missing-field-initializers -std=c++11 -o CMakeFiles/cmTC_6b477.dir/src.cxx.o -c /Users/hcs/Documents/version-control/leveldb/cmake-build-debug/CMakeFiles/CMakeTmp/src.cxx
Linking CXX executable cmTC_6b477
/Applications/CLion.app/Contents/bin/cmake/mac/bin/cmake -E cmake_link_script CMakeFiles/cmTC_6b477.dir/link.txt --verbose=1
/Library/Developer/CommandLineTools/usr/bin/c++   -fno-exceptions -fno-rtti -DLEVELDB_HAVE_NO_MISSING_FIELD_INITIALIZERS -isysroot /Library/Developer/CommandLineTools/SDKs/MacOSX10.15.sdk -Wl,-search_paths_first -Wl,-headerpad_max_install_names   CMakeFiles/cmTC_6b477.dir/src.cxx.o  -o cmTC_6b477 
gmake[1]: Leaving directory '/Users/hcs/Documents/version-control/leveldb/cmake-build-debug/CMakeFiles/CMakeTmp'

Source file was:
int main() { return 0; }
Performing C++ SOURCE FILE Test HAVE_CXX17_HAS_INCLUDE succeeded with the following output:
Change Dir: /Users/hcs/Documents/version-control/leveldb/cmake-build-debug/CMakeFiles/CMakeTmp

Run Build Command:"/usr/local/bin/gmake" "cmTC_71482/fast"
/usr/local/bin/gmake -f CMakeFiles/cmTC_71482.dir/build.make CMakeFiles/cmTC_71482.dir/build
gmake[1]: Entering directory '/Users/hcs/Documents/version-control/leveldb/cmake-build-debug/CMakeFiles/CMakeTmp'
Building CXX object CMakeFiles/cmTC_71482.dir/src.cxx.o
/Library/Developer/CommandLineTools/usr/bin/c++    -fno-exceptions -fno-rtti -DHAVE_CXX17_HAS_INCLUDE -isysroot /Library/Developer/CommandLineTools/SDKs/MacOSX10.15.sdk   -std=c++11 -o CMakeFiles/cmTC_71482.dir/src.cxx.o -c /Users/hcs/Documents/version-control/leveldb/cmake-build-debug/CMakeFiles/CMakeTmp/src.cxx
Linking CXX executable cmTC_71482
/Applications/CLion.app/Contents/bin/cmake/mac/bin/cmake -E cmake_link_script CMakeFiles/cmTC_71482.dir/link.txt --verbose=1
/Library/Developer/CommandLineTools/usr/bin/c++   -fno-exceptions -fno-rtti -DHAVE_CXX17_HAS_INCLUDE -isysroot /Library/Developer/CommandLineTools/SDKs/MacOSX10.15.sdk -Wl,-search_paths_first -Wl,-headerpad_max_install_names   CMakeFiles/cmTC_71482.dir/src.cxx.o  -o cmTC_71482 
gmake[1]: Leaving directory '/Users/hcs/Documents/version-control/leveldb/cmake-build-debug/CMakeFiles/CMakeTmp'

Source file was:

#if defined(__has_include) &&  __has_include(<string>)
#include <string>
#endif
int main() { std::string str; return 0; }

Determining if the include file pthread.h exists passed with the following output:
Change Dir: /Users/hcs/Documents/version-control/leveldb/cmake-build-debug/CMakeFiles/CMakeTmp

Run Build Command:"/usr/local/bin/gmake" "cmTC_e6332/fast"
/usr/local/bin/gmake -f CMakeFiles/cmTC_e6332.dir/build.make CMakeFiles/cmTC_e6332.dir/build
gmake[1]: Entering directory '/Users/hcs/Documents/version-control/leveldb/cmake-build-debug/CMakeFiles/CMakeTmp'
Building C object CMakeFiles/cmTC_e6332.dir/CheckIncludeFile.c.o
/Library/Developer/CommandLineTools/usr/bin/cc   -Wstrict-prototypes  -isysroot /Library/Developer/CommandLineTools/SDKs/MacOSX10.15.sdk   -std=c11 -o CMakeFiles/cmTC_e6332.dir/CheckIncludeFile.c.o   -c /Users/hcs/Documents/version-control/leveldb/cmake-build-debug/CMakeFiles/CMakeTmp/CheckIncludeFile.c
Linking C executable cmTC_e6332
/Applications/CLion.app/Contents/bin/cmake/mac/bin/cmake -E cmake_link_script CMakeFiles/cmTC_e6332.dir/link.txt --verbose=1
/Library/Developer/CommandLineTools/usr/bin/cc  -Wstrict-prototypes  -isysroot /Library/Developer/CommandLineTools/SDKs/MacOSX10.15.sdk -Wl,-search_paths_first -Wl,-headerpad_max_install_names   CMakeFiles/cmTC_e6332.dir/CheckIncludeFile.c.o  -o cmTC_e6332 
gmake[1]: Leaving directory '/Users/hcs/Documents/version-control/leveldb/cmake-build-debug/CMakeFiles/CMakeTmp'


Determining if the pthread_create exist passed with the following output:
Change Dir: /Users/hcs/Documents/version-control/leveldb/cmake-build-debug/CMakeFiles/CMakeTmp

Run Build Command:"/usr/local/bin/gmake" "cmTC_3bf41/fast"
/usr/local/bin/gmake -f CMakeFiles/cmTC_3bf41.dir/build.make CMakeFiles/cmTC_3bf41.dir/build
gmake[1]: Entering directory '/Users/hcs/Documents/version-control/leveldb/cmake-build-debug/CMakeFiles/CMakeTmp'
Building C object CMakeFiles/cmTC_3bf41.dir/CheckSymbolExists.c.o
/Library/Developer/CommandLineTools/usr/bin/cc   -Wstrict-prototypes  -isysroot /Library/Developer/CommandLineTools/SDKs/MacOSX10.15.sdk   -std=c11 -o CMakeFiles/cmTC_3bf41.dir/CheckSymbolExists.c.o   -c /Users/hcs/Documents/version-control/leveldb/cmake-build-debug/CMakeFiles/CMakeTmp/CheckSymbolExists.c
Linking C executable cmTC_3bf41
/Applications/CLion.app/Contents/bin/cmake/mac/bin/cmake -E cmake_link_script CMakeFiles/cmTC_3bf41.dir/link.txt --verbose=1
/Library/Developer/CommandLineTools/usr/bin/cc  -Wstrict-prototypes  -isysroot /Library/Developer/CommandLineTools/SDKs/MacOSX10.15.sdk -Wl,-search_paths_first -Wl,-headerpad_max_install_names   CMakeFiles/cmTC_3bf41.dir/CheckSymbolExists.c.o  -o cmTC_3bf41 
gmake[1]: Leaving directory '/Users/hcs/Documents/version-control/leveldb/cmake-build-debug/CMakeFiles/CMakeTmp'

File /Users/hcs/Documents/version-control/leveldb/cmake-build-debug/CMakeFiles/CMakeTmp/CheckSymbolExists.c:
/* */
#include <pthread.h>

int main(int argc, char** argv)
{
  (void)argv;
#ifndef pthread_create
  return ((int*)(&pthread_create))[argc];
#else
  (void)argc;
  return 0;
#endif
}

Determining if the function sqlite3_open exists in the sqlite3 passed with the following output:
Change Dir: /Users/hcs/Documents/version-control/leveldb/cmake-build-debug/CMakeFiles/CMakeTmp

Run Build Command:"/usr/local/bin/gmake" "cmTC_f3532/fast"
/usr/local/bin/gmake -f CMakeFiles/cmTC_f3532.dir/build.make CMakeFiles/cmTC_f3532.dir/build
gmake[1]: Entering directory '/Users/hcs/Documents/version-control/leveldb/cmake-build-debug/CMakeFiles/CMakeTmp'
Building C object CMakeFiles/cmTC_f3532.dir/CheckFunctionExists.c.o
/Library/Developer/CommandLineTools/usr/bin/cc   -Wstrict-prototypes -DCHECK_FUNCTION_EXISTS=sqlite3_open -isysroot /Library/Developer/CommandLineTools/SDKs/MacOSX10.15.sdk   -std=c11 -o CMakeFiles/cmTC_f3532.dir/CheckFunctionExists.c.o   -c /Applications/CLion.app/Contents/bin/cmake/mac/share/cmake-3.13/Modules/CheckFunctionExists.c
Linking C executable cmTC_f3532
/Applications/CLion.app/Contents/bin/cmake/mac/bin/cmake -E cmake_link_script CMakeFiles/cmTC_f3532.dir/link.txt --verbose=1
/Library/Developer/CommandLineTools/usr/bin/cc  -Wstrict-prototypes -DCHECK_FUNCTION_EXISTS=sqlite3_open -isysroot /Library/Developer/CommandLineTools/SDKs/MacOSX10.15.sdk -Wl,-search_paths_first -Wl,-headerpad_max_install_names   CMakeFiles/cmTC_f3532.dir/CheckFunctionExists.c.o  -o cmTC_f3532 -lsqlite3 
gmake[1]: Leaving directory '/Users/hcs/Documents/version-control/leveldb/cmake-build-debug/CMakeFiles/CMakeTmp'


